Arguments: 
  /usr/bin/node /usr/share/yarn/bin/yarn.js init

PATH: 
  /usr/local/sbin:/usr/local/bin:/usr/sbin:/usr/bin:/sbin:/bin:/usr/games:/usr/local/games:/snap/bin

Yarn version: 
  1.17.3

Node version: 
  10.15.1

Platform: 
  linux x64

Trace: 
  Error: canceled
      at Interface.<anonymous> (/usr/share/yarn/lib/cli.js:136724:13)
      at Interface.emit (events.js:189:13)
      at Interface._ttyWrite (readline.js:783:16)
      at ReadStream.onkeypress (readline.js:168:10)
      at ReadStream.emit (events.js:189:13)
      at emitKeys (internal/readline.js:424:14)
      at emitKeys.next (<anonymous>)
      at ReadStream.onData (readline.js:1022:36)
      at ReadStream.emit (events.js:189:13)
      at addChunk (_stream_readable.js:284:12)

npm manifest: 
  {
    "name": "joinable",
    "version": "1.0.0",
    "description": "",
    "main": "index.js",
    "scripts": {
      "server": "webpack-dev-server --config webpack.dev.js",
      "build:prod": "webpack --config webpack.prod.js"
    },
    "author": "Tyler Benton",
    "license": "ISC",
    "dependencies": {
      "@babel/core": "^7.1.2",
      "@babel/plugin-proposal-class-properties": "^7.1.0",
      "@babel/plugin-proposal-object-rest-spread": "^7.0.0",
      "@babel/preset-env": "^7.1.0",
      "@babel/preset-react": "^7.0.0",
      "ajv": "^6.8.1",
      "babel-loader": "^8.0.4",
      "babel-preset-env": "^1.7.0",
      "babel-preset-react": "^6.24.1",
      "classnames": "^2.2.6",
      "clean-webpack-plugin": "^0.1.19",
      "css-loader": "^2.0.0",
      "debounce": "^1.2.0",
      "file-loader": "^3.0.1",
      "history": "^4.7.2",
      "html-webpack-plugin": "^3.2.0",
      "node-sass": "^4.11.0",
      "query-string": "^6.6.0",
      "react": "^16.5.2",
      "react-dom": "^16.5.2",
      "react-loadable": "^5.5.0",
      "react-redux": "^5.1.0",
      "react-router-dom": "^4.3.1",
      "react-tooltip": "^3.10.0",
      "recompose": "^0.30.0",
      "redux": "^4.0.1",
      "redux-thunk": "^2.3.0",
      "sass-loader": "^7.1.0",
      "socket.io-client": "^2.1.1",
      "style-loader": "^0.23.1",
      "styled-components": "^4.2.0",
      "uglifyjs-webpack-plugin": "^2.0.1",
      "webpack": "^4.20.2",
      "webpack-cli": "^3.1.2",
      "webpack-merge": "^4.1.4",
      "webrtc-adapter": "^6.4.3"
    },
    "devDependencies": {
      "webpack-dev-server": "^3.1.9"
    }
  }

yarn manifest: 
  No manifest

Lockfile: 
  No lockfile
